<?xml version="1.0" encoding="UTF-8"?>
<coverage generated="1658330545122" clover="3.2.0">
  <project timestamp="1658330545122" name="All files">
    <metrics statements="116" coveredstatements="109" conditionals="42" coveredconditionals="34" methods="49" coveredmethods="44" elements="207" coveredelements="187" complexity="0" loc="116" ncloc="116" packages="1" files="4" classes="4"/>
    <file name="MVVM.js" path="D:\新桌面\百度前端\myMVVM_js\js\MVVM.js">
      <metrics statements="18" coveredstatements="18" conditionals="2" coveredconditionals="2" methods="9" coveredmethods="7"/>
      <line num="6" count="6" type="stmt"/>
      <line num="7" count="6" type="stmt"/>
      <line num="8" count="6" type="stmt"/>
      <line num="9" count="6" type="stmt"/>
      <line num="11" count="6" type="cond" truecount="2" falsecount="0"/>
      <line num="14" count="5" type="stmt"/>
      <line num="17" count="5" type="stmt"/>
      <line num="18" count="1" type="stmt"/>
      <line num="20" count="2" type="stmt"/>
      <line num="28" count="5" type="stmt"/>
      <line num="29" count="1" type="stmt"/>
      <line num="31" count="1" type="stmt"/>
      <line num="38" count="5" type="stmt"/>
      <line num="41" count="5" type="stmt"/>
      <line num="46" count="5" type="stmt"/>
      <line num="47" count="5" type="stmt"/>
      <line num="49" count="1" type="stmt"/>
      <line num="52" count="5" type="stmt"/>
    </file>
    <file name="compile.js" path="D:\新桌面\百度前端\myMVVM_js\js\compile.js">
      <metrics statements="62" coveredstatements="55" conditionals="30" coveredconditionals="23" methods="25" coveredmethods="22"/>
      <line num="5" count="5" type="cond" truecount="1" falsecount="1"/>
      <line num="6" count="5" type="stmt"/>
      <line num="8" count="5" type="cond" truecount="1" falsecount="1"/>
      <line num="10" count="5" type="stmt"/>
      <line num="13" count="5" type="stmt"/>
      <line num="16" count="5" type="stmt"/>
      <line num="22" count="25" type="stmt"/>
      <line num="27" count="10" type="stmt"/>
      <line num="33" count="5" type="stmt"/>
      <line num="34" count="5" type="stmt"/>
      <line num="35" count="15" type="stmt"/>
      <line num="37" count="5" type="stmt"/>
      <line num="42" count="11" type="stmt"/>
      <line num="43" count="20" type="cond" truecount="2" falsecount="0"/>
      <line num="44" count="6" type="stmt"/>
      <line num="45" count="6" type="stmt"/>
      <line num="47" count="14" type="stmt"/>
      <line num="54" count="6" type="stmt"/>
      <line num="55" count="6" type="stmt"/>
      <line num="56" count="10" type="stmt"/>
      <line num="57" count="10" type="cond" truecount="2" falsecount="0"/>
      <line num="59" count="4" type="stmt"/>
      <line num="61" count="4" type="stmt"/>
      <line num="62" count="4" type="stmt"/>
      <line num="69" count="14" type="stmt"/>
      <line num="70" count="14" type="stmt"/>
      <line num="71" count="14" type="cond" truecount="2" falsecount="0"/>
      <line num="72" count="1" type="stmt"/>
      <line num="73" count="1" type="stmt"/>
      <line num="79" count="1" type="stmt"/>
      <line num="81" count="4" type="stmt"/>
      <line num="82" count="4" type="stmt"/>
      <line num="83" count="5" type="stmt"/>
      <line num="85" count="4" type="stmt"/>
      <line num="89" count="0" type="stmt"/>
      <line num="90" count="0" type="stmt"/>
      <line num="91" count="0" type="cond" truecount="0" falsecount="2"/>
      <line num="92" count="0" type="stmt"/>
      <line num="94" count="0" type="stmt"/>
      <line num="99" count="1" type="stmt"/>
      <line num="101" count="1" type="stmt"/>
      <line num="102" count="1" type="cond" truecount="2" falsecount="0"/>
      <line num="104" count="1" type="stmt"/>
      <line num="105" count="0" type="stmt"/>
      <line num="106" count="0" type="stmt"/>
      <line num="108" count="1" type="stmt"/>
      <line num="109" count="1" type="cond" truecount="2" falsecount="0"/>
      <line num="113" count="2" type="stmt"/>
      <line num="115" count="2" type="stmt"/>
      <line num="116" count="1" type="cond" truecount="2" falsecount="0"/>
      <line num="118" count="2" type="stmt"/>
      <line num="119" count="2" type="cond" truecount="2" falsecount="0"/>
      <line num="123" count="1" type="stmt"/>
      <line num="124" count="1" type="stmt"/>
      <line num="125" count="1" type="cond" truecount="2" falsecount="0"/>
      <line num="127" count="1" type="stmt"/>
      <line num="128" count="1" type="cond" truecount="2" falsecount="0"/>
      <line num="133" count="1" type="stmt"/>
      <line num="134" count="1" type="stmt"/>
      <line num="140" count="3" type="cond" truecount="1" falsecount="1"/>
      <line num="143" count="2" type="cond" truecount="1" falsecount="1"/>
      <line num="146" count="2" type="cond" truecount="1" falsecount="1"/>
    </file>
    <file name="observer.js" path="D:\新桌面\百度前端\myMVVM_js\js\observer.js">
      <metrics statements="15" coveredstatements="15" conditionals="8" coveredconditionals="8" methods="6" coveredmethods="6"/>
      <line num="5" count="5" type="stmt"/>
      <line num="9" count="17" type="cond" truecount="4" falsecount="0"/>
      <line num="10" count="10" type="stmt"/>
      <line num="14" count="7" type="stmt"/>
      <line num="15" count="8" type="stmt"/>
      <line num="16" count="8" type="stmt"/>
      <line num="22" count="8" type="stmt"/>
      <line num="23" count="8" type="stmt"/>
      <line num="25" count="8" type="stmt"/>
      <line num="30" count="30" type="cond" truecount="2" falsecount="0"/>
      <line num="31" count="30" type="stmt"/>
      <line num="34" count="5" type="cond" truecount="2" falsecount="0"/>
      <line num="35" count="4" type="stmt"/>
      <line num="36" count="4" type="stmt"/>
      <line num="37" count="4" type="stmt"/>
    </file>
    <file name="watcher.js" path="D:\新桌面\百度前端\myMVVM_js\js\watcher.js">
      <metrics statements="21" coveredstatements="21" conditionals="2" coveredconditionals="1" methods="9" coveredmethods="9"/>
      <line num="4" count="4" type="stmt"/>
      <line num="5" count="4" type="stmt"/>
      <line num="6" count="4" type="stmt"/>
      <line num="8" count="4" type="stmt"/>
      <line num="12" count="4" type="stmt"/>
      <line num="13" count="4" type="stmt"/>
      <line num="14" count="4" type="stmt"/>
      <line num="15" count="4" type="stmt"/>
      <line num="19" count="7" type="stmt"/>
      <line num="20" count="7" type="stmt"/>
      <line num="21" count="9" type="stmt"/>
      <line num="23" count="7" type="stmt"/>
      <line num="27" count="3" type="stmt"/>
      <line num="28" count="3" type="stmt"/>
      <line num="30" count="3" type="cond" truecount="1" falsecount="1"/>
      <line num="31" count="3" type="stmt"/>
      <line num="32" count="3" type="stmt"/>
      <line num="39" count="8" type="stmt"/>
      <line num="43" count="8" type="stmt"/>
      <line num="44" count="8" type="stmt"/>
      <line num="48" count="4" type="stmt"/>
    </file>
  </project>
</coverage>
