{"D:\\新桌面\\百度前端\\myMVVM_js\\js\\MVVM.js": {"path":"D:\\新桌面\\百度前端\\myMVVM_js\\js\\MVVM.js","statementMap":{"0":{"start":{"line":6,"column":8},"end":{"line":6,"column":30}},"1":{"start":{"line":7,"column":8},"end":{"line":7,"column":34}},"2":{"start":{"line":8,"column":23},"end":{"line":8,"column":39}},"3":{"start":{"line":9,"column":22},"end":{"line":9,"column":37}},"4":{"start":{"line":11,"column":8},"end":{"line":42,"column":9}},"5":{"start":{"line":14,"column":12},"end":{"line":14,"column":37}},"6":{"start":{"line":17,"column":12},"end":{"line":25,"column":13}},"7":{"start":{"line":18,"column":16},"end":{"line":24,"column":18}},"8":{"start":{"line":20,"column":24},"end":{"line":20,"column":56}},"9":{"start":{"line":28,"column":12},"end":{"line":36,"column":13}},"10":{"start":{"line":29,"column":16},"end":{"line":35,"column":18}},"11":{"start":{"line":31,"column":24},"end":{"line":31,"column":44}},"12":{"start":{"line":38,"column":12},"end":{"line":38,"column":39}},"13":{"start":{"line":41,"column":12},"end":{"line":41,"column":40}},"14":{"start":{"line":46,"column":8},"end":{"line":55,"column":10}},"15":{"start":{"line":47,"column":12},"end":{"line":54,"column":14}},"16":{"start":{"line":49,"column":20},"end":{"line":49,"column":39}},"17":{"start":{"line":52,"column":20},"end":{"line":52,"column":36}}},"fnMap":{"0":{"name":"(anonymous_0)","decl":{"start":{"line":5,"column":4},"end":{"line":5,"column":5}},"loc":{"start":{"line":5,"column":25},"end":{"line":43,"column":5}},"line":5},"1":{"name":"(anonymous_1)","decl":{"start":{"line":19,"column":25},"end":{"line":19,"column":26}},"loc":{"start":{"line":19,"column":31},"end":{"line":21,"column":21}},"line":19},"2":{"name":"(anonymous_2)","decl":{"start":{"line":22,"column":25},"end":{"line":22,"column":26}},"loc":{"start":{"line":22,"column":37},"end":{"line":23,"column":21}},"line":22},"3":{"name":"(anonymous_3)","decl":{"start":{"line":30,"column":25},"end":{"line":30,"column":26}},"loc":{"start":{"line":30,"column":31},"end":{"line":32,"column":21}},"line":30},"4":{"name":"(anonymous_4)","decl":{"start":{"line":33,"column":25},"end":{"line":33,"column":26}},"loc":{"start":{"line":33,"column":37},"end":{"line":34,"column":21}},"line":33},"5":{"name":"(anonymous_5)","decl":{"start":{"line":45,"column":4},"end":{"line":45,"column":5}},"loc":{"start":{"line":45,"column":20},"end":{"line":56,"column":5}},"line":45},"6":{"name":"(anonymous_6)","decl":{"start":{"line":46,"column":34},"end":{"line":46,"column":35}},"loc":{"start":{"line":46,"column":41},"end":{"line":55,"column":9}},"line":46},"7":{"name":"(anonymous_7)","decl":{"start":{"line":48,"column":16},"end":{"line":48,"column":17}},"loc":{"start":{"line":48,"column":28},"end":{"line":50,"column":17}},"line":48},"8":{"name":"(anonymous_8)","decl":{"start":{"line":51,"column":16},"end":{"line":51,"column":17}},"loc":{"start":{"line":51,"column":22},"end":{"line":53,"column":17}},"line":51}},"branchMap":{"0":{"loc":{"start":{"line":11,"column":8},"end":{"line":42,"column":9}},"type":"if","locations":[{"start":{"line":11,"column":8},"end":{"line":42,"column":9}},{"start":{},"end":{}}],"line":11}},"s":{"0":6,"1":6,"2":6,"3":6,"4":6,"5":5,"6":5,"7":1,"8":2,"9":5,"10":1,"11":1,"12":5,"13":5,"14":5,"15":5,"16":1,"17":5},"f":{"0":6,"1":2,"2":0,"3":1,"4":0,"5":5,"6":5,"7":1,"8":5},"b":{"0":[5,1]},"_coverageSchema":"1a1c01bbd47fc00a2c39e90264f33305004495a9","hash":"6c1788909bcb3d4b1a052bc61dce0070eca287df"}
,"D:\\新桌面\\百度前端\\myMVVM_js\\js\\compile.js": {"path":"D:\\新桌面\\百度前端\\myMVVM_js\\js\\compile.js","statementMap":{"0":{"start":{"line":5,"column":8},"end":{"line":5,"column":71}},"1":{"start":{"line":6,"column":8},"end":{"line":6,"column":21}},"2":{"start":{"line":8,"column":8},"end":{"line":17,"column":9}},"3":{"start":{"line":10,"column":29},"end":{"line":10,"column":56}},"4":{"start":{"line":13,"column":12},"end":{"line":13,"column":35}},"5":{"start":{"line":16,"column":12},"end":{"line":16,"column":41}},"6":{"start":{"line":22,"column":8},"end":{"line":22,"column":35}},"7":{"start":{"line":27,"column":8},"end":{"line":27,"column":41}},"8":{"start":{"line":33,"column":25},"end":{"line":33,"column":58}},"9":{"start":{"line":34,"column":8},"end":{"line":36,"column":9}},"10":{"start":{"line":35,"column":12},"end":{"line":35,"column":47}},"11":{"start":{"line":37,"column":8},"end":{"line":37,"column":24}},"12":{"start":{"line":42,"column":8},"end":{"line":49,"column":10}},"13":{"start":{"line":43,"column":12},"end":{"line":48,"column":13}},"14":{"start":{"line":44,"column":16},"end":{"line":44,"column":42}},"15":{"start":{"line":45,"column":16},"end":{"line":45,"column":35}},"16":{"start":{"line":47,"column":16},"end":{"line":47,"column":39}},"17":{"start":{"line":54,"column":22},"end":{"line":54,"column":37}},"18":{"start":{"line":55,"column":8},"end":{"line":64,"column":10}},"19":{"start":{"line":56,"column":40},"end":{"line":56,"column":44}},"20":{"start":{"line":57,"column":12},"end":{"line":63,"column":13}},"21":{"start":{"line":59,"column":38},"end":{"line":59,"column":53}},"22":{"start":{"line":61,"column":49},"end":{"line":61,"column":69}},"23":{"start":{"line":62,"column":16},"end":{"line":62,"column":74}},"24":{"start":{"line":69,"column":20},"end":{"line":69,"column":34}},"25":{"start":{"line":70,"column":21},"end":{"line":70,"column":37}},"26":{"start":{"line":71,"column":8},"end":{"line":74,"column":9}},"27":{"start":{"line":72,"column":25},"end":{"line":72,"column":55}},"28":{"start":{"line":73,"column":12},"end":{"line":73,"column":49}},"29":{"start":{"line":79,"column":20},"end":{"line":149,"column":1}},"30":{"start":{"line":81,"column":24},"end":{"line":81,"column":39}},"31":{"start":{"line":82,"column":22},"end":{"line":84,"column":20}},"32":{"start":{"line":83,"column":12},"end":{"line":83,"column":29}},"33":{"start":{"line":85,"column":8},"end":{"line":85,"column":20}},"34":{"start":{"line":89,"column":24},"end":{"line":89,"column":39}},"35":{"start":{"line":90,"column":8},"end":{"line":95,"column":20}},"36":{"start":{"line":91,"column":12},"end":{"line":93,"column":13}},"37":{"start":{"line":92,"column":16},"end":{"line":92,"column":41}},"38":{"start":{"line":94,"column":12},"end":{"line":94,"column":29}},"39":{"start":{"line":99,"column":25},"end":{"line":99,"column":53}},"40":{"start":{"line":101,"column":8},"end":{"line":103,"column":11}},"41":{"start":{"line":102,"column":12},"end":{"line":102,"column":47}},"42":{"start":{"line":104,"column":8},"end":{"line":107,"column":11}},"43":{"start":{"line":105,"column":27},"end":{"line":105,"column":41}},"44":{"start":{"line":106,"column":12},"end":{"line":106,"column":42}},"45":{"start":{"line":108,"column":22},"end":{"line":108,"column":43}},"46":{"start":{"line":109,"column":8},"end":{"line":109,"column":42}},"47":{"start":{"line":113,"column":25},"end":{"line":113,"column":52}},"48":{"start":{"line":115,"column":8},"end":{"line":117,"column":11}},"49":{"start":{"line":116,"column":12},"end":{"line":116,"column":47}},"50":{"start":{"line":118,"column":22},"end":{"line":118,"column":43}},"51":{"start":{"line":119,"column":8},"end":{"line":119,"column":42}},"52":{"start":{"line":123,"column":25},"end":{"line":123,"column":52}},"53":{"start":{"line":124,"column":8},"end":{"line":126,"column":10}},"54":{"start":{"line":125,"column":12},"end":{"line":125,"column":47}},"55":{"start":{"line":127,"column":22},"end":{"line":127,"column":43}},"56":{"start":{"line":128,"column":8},"end":{"line":128,"column":42}},"57":{"start":{"line":133,"column":8},"end":{"line":135,"column":10}},"58":{"start":{"line":134,"column":12},"end":{"line":134,"column":33}},"59":{"start":{"line":140,"column":12},"end":{"line":140,"column":72}},"60":{"start":{"line":143,"column":12},"end":{"line":143,"column":66}},"61":{"start":{"line":146,"column":12},"end":{"line":146,"column":70}}},"fnMap":{"0":{"name":"(anonymous_0)","decl":{"start":{"line":4,"column":4},"end":{"line":4,"column":5}},"loc":{"start":{"line":4,"column":24},"end":{"line":18,"column":5}},"line":4},"1":{"name":"(anonymous_1)","decl":{"start":{"line":21,"column":4},"end":{"line":21,"column":5}},"loc":{"start":{"line":21,"column":20},"end":{"line":23,"column":5}},"line":21},"2":{"name":"(anonymous_2)","decl":{"start":{"line":26,"column":4},"end":{"line":26,"column":5}},"loc":{"start":{"line":26,"column":26},"end":{"line":28,"column":5}},"line":26},"3":{"name":"(anonymous_3)","decl":{"start":{"line":31,"column":4},"end":{"line":31,"column":5}},"loc":{"start":{"line":31,"column":22},"end":{"line":38,"column":5}},"line":31},"4":{"name":"(anonymous_4)","decl":{"start":{"line":41,"column":4},"end":{"line":41,"column":5}},"loc":{"start":{"line":41,"column":22},"end":{"line":50,"column":5}},"line":41},"5":{"name":"(anonymous_5)","decl":{"start":{"line":42,"column":48},"end":{"line":42,"column":49}},"loc":{"start":{"line":42,"column":56},"end":{"line":49,"column":9}},"line":42},"6":{"name":"(anonymous_6)","decl":{"start":{"line":53,"column":4},"end":{"line":53,"column":5}},"loc":{"start":{"line":53,"column":25},"end":{"line":65,"column":5}},"line":53},"7":{"name":"(anonymous_7)","decl":{"start":{"line":55,"column":34},"end":{"line":55,"column":35}},"loc":{"start":{"line":55,"column":42},"end":{"line":64,"column":9}},"line":55},"8":{"name":"(anonymous_8)","decl":{"start":{"line":68,"column":4},"end":{"line":68,"column":5}},"loc":{"start":{"line":68,"column":22},"end":{"line":75,"column":5}},"line":68},"9":{"name":"(anonymous_9)","decl":{"start":{"line":80,"column":4},"end":{"line":80,"column":5}},"loc":{"start":{"line":80,"column":21},"end":{"line":86,"column":5}},"line":80},"10":{"name":"(anonymous_10)","decl":{"start":{"line":82,"column":37},"end":{"line":82,"column":38}},"loc":{"start":{"line":82,"column":53},"end":{"line":84,"column":9}},"line":82},"11":{"name":"(anonymous_11)","decl":{"start":{"line":88,"column":4},"end":{"line":88,"column":5}},"loc":{"start":{"line":88,"column":28},"end":{"line":96,"column":5}},"line":88},"12":{"name":"(anonymous_12)","decl":{"start":{"line":90,"column":23},"end":{"line":90,"column":24}},"loc":{"start":{"line":90,"column":39},"end":{"line":95,"column":9}},"line":90},"13":{"name":"(anonymous_13)","decl":{"start":{"line":98,"column":4},"end":{"line":98,"column":5}},"loc":{"start":{"line":98,"column":26},"end":{"line":110,"column":5}},"line":98},"14":{"name":"(anonymous_14)","decl":{"start":{"line":101,"column":30},"end":{"line":101,"column":31}},"loc":{"start":{"line":101,"column":42},"end":{"line":103,"column":9}},"line":101},"15":{"name":"(anonymous_15)","decl":{"start":{"line":104,"column":39},"end":{"line":104,"column":40}},"loc":{"start":{"line":104,"column":44},"end":{"line":107,"column":9}},"line":104},"16":{"name":"(anonymous_16)","decl":{"start":{"line":112,"column":4},"end":{"line":112,"column":5}},"loc":{"start":{"line":112,"column":25},"end":{"line":120,"column":5}},"line":112},"17":{"name":"(anonymous_17)","decl":{"start":{"line":115,"column":30},"end":{"line":115,"column":31}},"loc":{"start":{"line":115,"column":42},"end":{"line":117,"column":9}},"line":115},"18":{"name":"(anonymous_18)","decl":{"start":{"line":122,"column":4},"end":{"line":122,"column":5}},"loc":{"start":{"line":122,"column":25},"end":{"line":130,"column":5}},"line":122},"19":{"name":"(anonymous_19)","decl":{"start":{"line":124,"column":30},"end":{"line":124,"column":31}},"loc":{"start":{"line":124,"column":42},"end":{"line":126,"column":9}},"line":124},"20":{"name":"(anonymous_20)","decl":{"start":{"line":132,"column":4},"end":{"line":132,"column":5}},"loc":{"start":{"line":132,"column":34},"end":{"line":136,"column":5}},"line":132},"21":{"name":"(anonymous_21)","decl":{"start":{"line":133,"column":41},"end":{"line":133,"column":42}},"loc":{"start":{"line":133,"column":48},"end":{"line":135,"column":9}},"line":133},"22":{"name":"(anonymous_22)","decl":{"start":{"line":139,"column":8},"end":{"line":139,"column":9}},"loc":{"start":{"line":139,"column":33},"end":{"line":141,"column":9}},"line":139},"23":{"name":"(anonymous_23)","decl":{"start":{"line":142,"column":8},"end":{"line":142,"column":9}},"loc":{"start":{"line":142,"column":34},"end":{"line":144,"column":9}},"line":142},"24":{"name":"(anonymous_24)","decl":{"start":{"line":145,"column":8},"end":{"line":145,"column":9}},"loc":{"start":{"line":145,"column":33},"end":{"line":147,"column":9}},"line":145}},"branchMap":{"0":{"loc":{"start":{"line":5,"column":18},"end":{"line":5,"column":70}},"type":"cond-expr","locations":[{"start":{"line":5,"column":39},"end":{"line":5,"column":41}},{"start":{"line":5,"column":44},"end":{"line":5,"column":70}}],"line":5},"1":{"loc":{"start":{"line":8,"column":8},"end":{"line":17,"column":9}},"type":"if","locations":[{"start":{"line":8,"column":8},"end":{"line":17,"column":9}},{"start":{},"end":{}}],"line":8},"2":{"loc":{"start":{"line":43,"column":12},"end":{"line":48,"column":13}},"type":"if","locations":[{"start":{"line":43,"column":12},"end":{"line":48,"column":13}},{"start":{"line":46,"column":19},"end":{"line":48,"column":13}}],"line":43},"3":{"loc":{"start":{"line":57,"column":12},"end":{"line":63,"column":13}},"type":"if","locations":[{"start":{"line":57,"column":12},"end":{"line":63,"column":13}},{"start":{},"end":{}}],"line":57},"4":{"loc":{"start":{"line":71,"column":8},"end":{"line":74,"column":9}},"type":"if","locations":[{"start":{"line":71,"column":8},"end":{"line":74,"column":9}},{"start":{},"end":{}}],"line":71},"5":{"loc":{"start":{"line":91,"column":12},"end":{"line":93,"column":13}},"type":"if","locations":[{"start":{"line":91,"column":12},"end":{"line":93,"column":13}},{"start":{},"end":{}}],"line":91},"6":{"loc":{"start":{"line":102,"column":12},"end":{"line":102,"column":46}},"type":"binary-expr","locations":[{"start":{"line":102,"column":12},"end":{"line":102,"column":20}},{"start":{"line":102,"column":24},"end":{"line":102,"column":46}}],"line":102},"7":{"loc":{"start":{"line":109,"column":8},"end":{"line":109,"column":41}},"type":"binary-expr","locations":[{"start":{"line":109,"column":8},"end":{"line":109,"column":16}},{"start":{"line":109,"column":20},"end":{"line":109,"column":41}}],"line":109},"8":{"loc":{"start":{"line":116,"column":12},"end":{"line":116,"column":46}},"type":"binary-expr","locations":[{"start":{"line":116,"column":12},"end":{"line":116,"column":20}},{"start":{"line":116,"column":24},"end":{"line":116,"column":46}}],"line":116},"9":{"loc":{"start":{"line":119,"column":8},"end":{"line":119,"column":41}},"type":"binary-expr","locations":[{"start":{"line":119,"column":8},"end":{"line":119,"column":16}},{"start":{"line":119,"column":20},"end":{"line":119,"column":41}}],"line":119},"10":{"loc":{"start":{"line":125,"column":12},"end":{"line":125,"column":46}},"type":"binary-expr","locations":[{"start":{"line":125,"column":12},"end":{"line":125,"column":20}},{"start":{"line":125,"column":24},"end":{"line":125,"column":46}}],"line":125},"11":{"loc":{"start":{"line":128,"column":8},"end":{"line":128,"column":41}},"type":"binary-expr","locations":[{"start":{"line":128,"column":8},"end":{"line":128,"column":16}},{"start":{"line":128,"column":20},"end":{"line":128,"column":41}}],"line":128},"12":{"loc":{"start":{"line":140,"column":31},"end":{"line":140,"column":71}},"type":"cond-expr","locations":[{"start":{"line":140,"column":61},"end":{"line":140,"column":63}},{"start":{"line":140,"column":66},"end":{"line":140,"column":71}}],"line":140},"13":{"loc":{"start":{"line":143,"column":25},"end":{"line":143,"column":65}},"type":"cond-expr","locations":[{"start":{"line":143,"column":55},"end":{"line":143,"column":57}},{"start":{"line":143,"column":60},"end":{"line":143,"column":65}}],"line":143},"14":{"loc":{"start":{"line":146,"column":29},"end":{"line":146,"column":69}},"type":"cond-expr","locations":[{"start":{"line":146,"column":59},"end":{"line":146,"column":61}},{"start":{"line":146,"column":64},"end":{"line":146,"column":69}}],"line":146}},"s":{"0":5,"1":5,"2":5,"3":5,"4":5,"5":5,"6":25,"7":10,"8":5,"9":5,"10":15,"11":5,"12":11,"13":20,"14":6,"15":6,"16":14,"17":6,"18":6,"19":10,"20":10,"21":4,"22":4,"23":4,"24":14,"25":14,"26":14,"27":1,"28":1,"29":1,"30":4,"31":4,"32":5,"33":4,"34":0,"35":0,"36":0,"37":0,"38":0,"39":1,"40":1,"41":1,"42":1,"43":0,"44":0,"45":1,"46":1,"47":2,"48":2,"49":1,"50":2,"51":2,"52":1,"53":1,"54":1,"55":1,"56":1,"57":1,"58":1,"59":3,"60":2,"61":2},"f":{"0":5,"1":25,"2":10,"3":5,"4":11,"5":20,"6":6,"7":10,"8":14,"9":4,"10":5,"11":0,"12":0,"13":1,"14":1,"15":0,"16":2,"17":1,"18":1,"19":1,"20":1,"21":1,"22":3,"23":2,"24":2},"b":{"0":[0,5],"1":[5,0],"2":[6,14],"3":[4,6],"4":[1,13],"5":[0,0],"6":[1,1],"7":[1,1],"8":[1,1],"9":[2,2],"10":[1,1],"11":[1,1],"12":[0,3],"13":[0,2],"14":[0,2]},"_coverageSchema":"1a1c01bbd47fc00a2c39e90264f33305004495a9","hash":"82dd0150dac3fe4446faed51437560f37666d3fc"}
,"D:\\新桌面\\百度前端\\myMVVM_js\\js\\observer.js": {"path":"D:\\新桌面\\百度前端\\myMVVM_js\\js\\observer.js","statementMap":{"0":{"start":{"line":5,"column":8},"end":{"line":5,"column":26}},"1":{"start":{"line":9,"column":8},"end":{"line":11,"column":9}},"2":{"start":{"line":10,"column":12},"end":{"line":10,"column":19}},"3":{"start":{"line":14,"column":8},"end":{"line":17,"column":10}},"4":{"start":{"line":15,"column":12},"end":{"line":15,"column":54}},"5":{"start":{"line":16,"column":12},"end":{"line":16,"column":35}},"6":{"start":{"line":22,"column":21},"end":{"line":22,"column":25}},"7":{"start":{"line":23,"column":20},"end":{"line":23,"column":27}},"8":{"start":{"line":25,"column":8},"end":{"line":40,"column":10}},"9":{"start":{"line":30,"column":16},"end":{"line":30,"column":52}},"10":{"start":{"line":31,"column":16},"end":{"line":31,"column":28}},"11":{"start":{"line":34,"column":16},"end":{"line":38,"column":17}},"12":{"start":{"line":35,"column":20},"end":{"line":35,"column":40}},"13":{"start":{"line":36,"column":20},"end":{"line":36,"column":35}},"14":{"start":{"line":37,"column":20},"end":{"line":37,"column":33}}},"fnMap":{"0":{"name":"(anonymous_0)","decl":{"start":{"line":4,"column":4},"end":{"line":4,"column":5}},"loc":{"start":{"line":4,"column":22},"end":{"line":6,"column":5}},"line":4},"1":{"name":"(anonymous_1)","decl":{"start":{"line":8,"column":4},"end":{"line":8,"column":5}},"loc":{"start":{"line":8,"column":18},"end":{"line":18,"column":5}},"line":8},"2":{"name":"(anonymous_2)","decl":{"start":{"line":14,"column":34},"end":{"line":14,"column":35}},"loc":{"start":{"line":14,"column":41},"end":{"line":17,"column":9}},"line":14},"3":{"name":"(anonymous_3)","decl":{"start":{"line":21,"column":4},"end":{"line":21,"column":5}},"loc":{"start":{"line":21,"column":37},"end":{"line":41,"column":5}},"line":21},"4":{"name":"(anonymous_4)","decl":{"start":{"line":29,"column":12},"end":{"line":29,"column":13}},"loc":{"start":{"line":29,"column":18},"end":{"line":32,"column":13}},"line":29},"5":{"name":"(anonymous_5)","decl":{"start":{"line":33,"column":12},"end":{"line":33,"column":13}},"loc":{"start":{"line":33,"column":24},"end":{"line":39,"column":13}},"line":33}},"branchMap":{"0":{"loc":{"start":{"line":9,"column":8},"end":{"line":11,"column":9}},"type":"if","locations":[{"start":{"line":9,"column":8},"end":{"line":11,"column":9}},{"start":{},"end":{}}],"line":9},"1":{"loc":{"start":{"line":9,"column":12},"end":{"line":9,"column":45}},"type":"binary-expr","locations":[{"start":{"line":9,"column":12},"end":{"line":9,"column":17}},{"start":{"line":9,"column":21},"end":{"line":9,"column":45}}],"line":9},"2":{"loc":{"start":{"line":30,"column":16},"end":{"line":30,"column":52}},"type":"binary-expr","locations":[{"start":{"line":30,"column":16},"end":{"line":30,"column":26}},{"start":{"line":30,"column":30},"end":{"line":30,"column":52}}],"line":30},"3":{"loc":{"start":{"line":34,"column":16},"end":{"line":38,"column":17}},"type":"if","locations":[{"start":{"line":34,"column":16},"end":{"line":38,"column":17}},{"start":{},"end":{}}],"line":34}},"s":{"0":5,"1":17,"2":10,"3":7,"4":8,"5":8,"6":8,"7":8,"8":8,"9":30,"10":30,"11":5,"12":4,"13":4,"14":4},"f":{"0":5,"1":17,"2":8,"3":8,"4":30,"5":5},"b":{"0":[10,7],"1":[17,17],"2":[30,8],"3":[4,1]},"_coverageSchema":"1a1c01bbd47fc00a2c39e90264f33305004495a9","hash":"13ff43aacd2c6b48905b1904661f00a7cede5f39"}
,"D:\\新桌面\\百度前端\\myMVVM_js\\js\\watcher.js": {"path":"D:\\新桌面\\百度前端\\myMVVM_js\\js\\watcher.js","statementMap":{"0":{"start":{"line":4,"column":8},"end":{"line":4,"column":21}},"1":{"start":{"line":5,"column":8},"end":{"line":5,"column":25}},"2":{"start":{"line":6,"column":8},"end":{"line":6,"column":27}},"3":{"start":{"line":8,"column":8},"end":{"line":8,"column":32}},"4":{"start":{"line":12,"column":8},"end":{"line":12,"column":26}},"5":{"start":{"line":13,"column":22},"end":{"line":13,"column":53}},"6":{"start":{"line":14,"column":8},"end":{"line":14,"column":26}},"7":{"start":{"line":15,"column":8},"end":{"line":15,"column":21}},"8":{"start":{"line":19,"column":24},"end":{"line":19,"column":39}},"9":{"start":{"line":20,"column":22},"end":{"line":22,"column":20}},"10":{"start":{"line":21,"column":12},"end":{"line":21,"column":29}},"11":{"start":{"line":23,"column":8},"end":{"line":23,"column":20}},"12":{"start":{"line":27,"column":23},"end":{"line":27,"column":33}},"13":{"start":{"line":28,"column":23},"end":{"line":28,"column":54}},"14":{"start":{"line":30,"column":8},"end":{"line":33,"column":9}},"15":{"start":{"line":31,"column":12},"end":{"line":31,"column":32}},"16":{"start":{"line":32,"column":12},"end":{"line":32,"column":34}},"17":{"start":{"line":39,"column":8},"end":{"line":39,"column":23}},"18":{"start":{"line":43,"column":8},"end":{"line":43,"column":32}},"19":{"start":{"line":44,"column":8},"end":{"line":44,"column":17}},"20":{"start":{"line":48,"column":8},"end":{"line":48,"column":55}},"21":{"start":{"line":48,"column":37},"end":{"line":48,"column":53}}},"fnMap":{"0":{"name":"(anonymous_0)","decl":{"start":{"line":3,"column":4},"end":{"line":3,"column":5}},"loc":{"start":{"line":3,"column":30},"end":{"line":9,"column":5}},"line":3},"1":{"name":"(anonymous_1)","decl":{"start":{"line":11,"column":4},"end":{"line":11,"column":5}},"loc":{"start":{"line":11,"column":10},"end":{"line":16,"column":5}},"line":11},"2":{"name":"(anonymous_2)","decl":{"start":{"line":18,"column":4},"end":{"line":18,"column":5}},"loc":{"start":{"line":18,"column":21},"end":{"line":24,"column":5}},"line":18},"3":{"name":"(anonymous_3)","decl":{"start":{"line":20,"column":37},"end":{"line":20,"column":38}},"loc":{"start":{"line":20,"column":53},"end":{"line":22,"column":9}},"line":20},"4":{"name":"(anonymous_4)","decl":{"start":{"line":26,"column":4},"end":{"line":26,"column":5}},"loc":{"start":{"line":26,"column":13},"end":{"line":34,"column":5}},"line":26},"5":{"name":"(anonymous_5)","decl":{"start":{"line":38,"column":4},"end":{"line":38,"column":5}},"loc":{"start":{"line":38,"column":18},"end":{"line":40,"column":5}},"line":38},"6":{"name":"(anonymous_6)","decl":{"start":{"line":42,"column":4},"end":{"line":42,"column":5}},"loc":{"start":{"line":42,"column":20},"end":{"line":45,"column":5}},"line":42},"7":{"name":"(anonymous_7)","decl":{"start":{"line":47,"column":4},"end":{"line":47,"column":5}},"loc":{"start":{"line":47,"column":13},"end":{"line":49,"column":5}},"line":47},"8":{"name":"(anonymous_8)","decl":{"start":{"line":48,"column":26},"end":{"line":48,"column":27}},"loc":{"start":{"line":48,"column":37},"end":{"line":48,"column":53}},"line":48}},"branchMap":{"0":{"loc":{"start":{"line":30,"column":8},"end":{"line":33,"column":9}},"type":"if","locations":[{"start":{"line":30,"column":8},"end":{"line":33,"column":9}},{"start":{},"end":{}}],"line":30}},"s":{"0":4,"1":4,"2":4,"3":4,"4":4,"5":4,"6":4,"7":4,"8":7,"9":7,"10":9,"11":7,"12":3,"13":3,"14":3,"15":3,"16":3,"17":8,"18":8,"19":8,"20":4,"21":3},"f":{"0":4,"1":4,"2":7,"3":9,"4":3,"5":8,"6":8,"7":4,"8":3},"b":{"0":[3,0]},"_coverageSchema":"1a1c01bbd47fc00a2c39e90264f33305004495a9","hash":"71547fcd7ee2709420d5b8c0a7512ba8d4d4f897"}
}
