TN:
SF:js\MVVM.js
FN:5,(anonymous_0)
FN:19,(anonymous_1)
FN:22,(anonymous_2)
FN:30,(anonymous_3)
FN:33,(anonymous_4)
FN:45,(anonymous_5)
FN:46,(anonymous_6)
FN:48,(anonymous_7)
FN:51,(anonymous_8)
FNF:9
FNH:7
FNDA:6,(anonymous_0)
FNDA:2,(anonymous_1)
FNDA:0,(anonymous_2)
FNDA:1,(anonymous_3)
FNDA:0,(anonymous_4)
FNDA:5,(anonymous_5)
FNDA:5,(anonymous_6)
FNDA:1,(anonymous_7)
FNDA:5,(anonymous_8)
DA:6,6
DA:7,6
DA:8,6
DA:9,6
DA:11,6
DA:14,5
DA:17,5
DA:18,1
DA:20,2
DA:28,5
DA:29,1
DA:31,1
DA:38,5
DA:41,5
DA:46,5
DA:47,5
DA:49,1
DA:52,5
LF:18
LH:18
BRDA:11,0,0,5
BRDA:11,0,1,1
BRF:2
BRH:2
end_of_record
TN:
SF:js\compile.js
FN:4,(anonymous_0)
FN:21,(anonymous_1)
FN:26,(anonymous_2)
FN:31,(anonymous_3)
FN:41,(anonymous_4)
FN:42,(anonymous_5)
FN:53,(anonymous_6)
FN:55,(anonymous_7)
FN:68,(anonymous_8)
FN:80,(anonymous_9)
FN:82,(anonymous_10)
FN:88,(anonymous_11)
FN:90,(anonymous_12)
FN:98,(anonymous_13)
FN:101,(anonymous_14)
FN:104,(anonymous_15)
FN:112,(anonymous_16)
FN:115,(anonymous_17)
FN:122,(anonymous_18)
FN:124,(anonymous_19)
FN:132,(anonymous_20)
FN:133,(anonymous_21)
FN:139,(anonymous_22)
FN:142,(anonymous_23)
FN:145,(anonymous_24)
FNF:25
FNH:22
FNDA:5,(anonymous_0)
FNDA:25,(anonymous_1)
FNDA:10,(anonymous_2)
FNDA:5,(anonymous_3)
FNDA:11,(anonymous_4)
FNDA:20,(anonymous_5)
FNDA:6,(anonymous_6)
FNDA:10,(anonymous_7)
FNDA:14,(anonymous_8)
FNDA:4,(anonymous_9)
FNDA:5,(anonymous_10)
FNDA:0,(anonymous_11)
FNDA:0,(anonymous_12)
FNDA:1,(anonymous_13)
FNDA:1,(anonymous_14)
FNDA:0,(anonymous_15)
FNDA:2,(anonymous_16)
FNDA:1,(anonymous_17)
FNDA:1,(anonymous_18)
FNDA:1,(anonymous_19)
FNDA:1,(anonymous_20)
FNDA:1,(anonymous_21)
FNDA:3,(anonymous_22)
FNDA:2,(anonymous_23)
FNDA:2,(anonymous_24)
DA:5,5
DA:6,5
DA:8,5
DA:10,5
DA:13,5
DA:16,5
DA:22,25
DA:27,10
DA:33,5
DA:34,5
DA:35,15
DA:37,5
DA:42,11
DA:43,20
DA:44,6
DA:45,6
DA:47,14
DA:54,6
DA:55,6
DA:56,10
DA:57,10
DA:59,4
DA:61,4
DA:62,4
DA:69,14
DA:70,14
DA:71,14
DA:72,1
DA:73,1
DA:79,1
DA:81,4
DA:82,4
DA:83,5
DA:85,4
DA:89,0
DA:90,0
DA:91,0
DA:92,0
DA:94,0
DA:99,1
DA:101,1
DA:102,1
DA:104,1
DA:105,0
DA:106,0
DA:108,1
DA:109,1
DA:113,2
DA:115,2
DA:116,1
DA:118,2
DA:119,2
DA:123,1
DA:124,1
DA:125,1
DA:127,1
DA:128,1
DA:133,1
DA:134,1
DA:140,3
DA:143,2
DA:146,2
LF:62
LH:55
BRDA:5,0,0,0
BRDA:5,0,1,5
BRDA:8,1,0,5
BRDA:8,1,1,0
BRDA:43,2,0,6
BRDA:43,2,1,14
BRDA:57,3,0,4
BRDA:57,3,1,6
BRDA:71,4,0,1
BRDA:71,4,1,13
BRDA:91,5,0,0
BRDA:91,5,1,0
BRDA:102,6,0,1
BRDA:102,6,1,1
BRDA:109,7,0,1
BRDA:109,7,1,1
BRDA:116,8,0,1
BRDA:116,8,1,1
BRDA:119,9,0,2
BRDA:119,9,1,2
BRDA:125,10,0,1
BRDA:125,10,1,1
BRDA:128,11,0,1
BRDA:128,11,1,1
BRDA:140,12,0,0
BRDA:140,12,1,3
BRDA:143,13,0,0
BRDA:143,13,1,2
BRDA:146,14,0,0
BRDA:146,14,1,2
BRF:30
BRH:23
end_of_record
TN:
SF:js\observer.js
FN:4,(anonymous_0)
FN:8,(anonymous_1)
FN:14,(anonymous_2)
FN:21,(anonymous_3)
FN:29,(anonymous_4)
FN:33,(anonymous_5)
FNF:6
FNH:6
FNDA:5,(anonymous_0)
FNDA:17,(anonymous_1)
FNDA:8,(anonymous_2)
FNDA:8,(anonymous_3)
FNDA:30,(anonymous_4)
FNDA:5,(anonymous_5)
DA:5,5
DA:9,17
DA:10,10
DA:14,7
DA:15,8
DA:16,8
DA:22,8
DA:23,8
DA:25,8
DA:30,30
DA:31,30
DA:34,5
DA:35,4
DA:36,4
DA:37,4
LF:15
LH:15
BRDA:9,0,0,10
BRDA:9,0,1,7
BRDA:9,1,0,17
BRDA:9,1,1,17
BRDA:30,2,0,30
BRDA:30,2,1,8
BRDA:34,3,0,4
BRDA:34,3,1,1
BRF:8
BRH:8
end_of_record
TN:
SF:js\watcher.js
FN:3,(anonymous_0)
FN:11,(anonymous_1)
FN:18,(anonymous_2)
FN:20,(anonymous_3)
FN:26,(anonymous_4)
FN:38,(anonymous_5)
FN:42,(anonymous_6)
FN:47,(anonymous_7)
FN:48,(anonymous_8)
FNF:9
FNH:9
FNDA:4,(anonymous_0)
FNDA:4,(anonymous_1)
FNDA:7,(anonymous_2)
FNDA:9,(anonymous_3)
FNDA:3,(anonymous_4)
FNDA:8,(anonymous_5)
FNDA:8,(anonymous_6)
FNDA:4,(anonymous_7)
FNDA:3,(anonymous_8)
DA:4,4
DA:5,4
DA:6,4
DA:8,4
DA:12,4
DA:13,4
DA:14,4
DA:15,4
DA:19,7
DA:20,7
DA:21,9
DA:23,7
DA:27,3
DA:28,3
DA:30,3
DA:31,3
DA:32,3
DA:39,8
DA:43,8
DA:44,8
DA:48,4
LF:21
LH:21
BRDA:30,0,0,3
BRDA:30,0,1,0
BRF:2
BRH:1
end_of_record
